{
  "stats": {
    "suites": 2,
    "tests": 1,
    "passes": 1,
    "pending": 0,
    "failures": 0,
    "start": "2022-07-04T19:05:04.854Z",
    "end": "2022-07-04T19:05:06.812Z",
    "duration": 1958,
    "testsRegistered": 1,
    "passPercent": 100,
    "pendingPercent": 0,
    "other": 0,
    "hasOther": false,
    "skipped": 0,
    "hasSkipped": false
  },
  "results": [
    {
      "uuid": "80e769c3-4009-47bb-b637-1e711b386508",
      "title": "",
      "fullFile": "C:\\Users\\caiof\\Desktop\\Wokspace\\Clear\\phpunit\\tests\\selenium\\01.suite.js",
      "file": "\\tests\\selenium\\01.suite.js",
      "beforeHooks": [],
      "afterHooks": [],
      "tests": [],
      "suites": [
        {
          "uuid": "bde4c701-13d9-4a0b-81b2-fb00482f2ae0",
          "title": "Test Suite",
          "fullFile": "C:\\Users\\caiof\\Desktop\\Wokspace\\Clear\\phpunit\\tests\\selenium\\01.suite.js",
          "file": "\\tests\\selenium\\01.suite.js",
          "beforeHooks": [],
          "afterHooks": [],
          "tests": [],
          "suites": [
            {
              "uuid": "c3b48777-e427-44a1-a38c-40c9473c86fa",
              "title": "001 - Woohoo",
              "fullFile": "C:\\Users\\caiof\\Desktop\\Wokspace\\Clear\\phpunit\\tests\\selenium\\01.suite.js",
              "file": "\\tests\\selenium\\01.suite.js",
              "beforeHooks": [],
              "afterHooks": [],
              "tests": [
                {
                  "title": "Aeeee!!!",
                  "fullTitle": "Test Suite 001 - Woohoo Aeeee!!!",
                  "timedOut": null,
                  "duration": 1498,
                  "state": "passed",
                  "speed": "slow",
                  "pass": true,
                  "fail": false,
                  "pending": false,
                  "context": null,
                  "code": "await driver.get(`${url}`);\nconst body = await driver.findElement(By.css(\"body\")).getText();\nassert.equal(body, 'array(2) { [0]=> array(4) { [\"id\"]=> string(1) \"1\" [0]=> string(1) \"1\" [\"nome\"]=> string(9) \"Pessoa 01\" [1]=> string(9) \"Pessoa 01\" } [1]=> array(4) { [\"id\"]=> string(1) \"2\" [0]=> string(1) \"2\" [\"nome\"]=> string(9) \"Pessoa 02\" [1]=> string(9) \"Pessoa 02\" } }');",
                  "err": {},
                  "uuid": "6d1bd940-3381-488c-93da-dec8b1665f33",
                  "parentUUID": null,
                  "isHook": false,
                  "skipped": false
                }
              ],
              "suites": [],
              "passes": [
                "6d1bd940-3381-488c-93da-dec8b1665f33"
              ],
              "failures": [],
              "pending": [],
              "skipped": [],
              "duration": 1498,
              "root": false,
              "rootEmpty": false,
              "_timeout": null
            }
          ],
          "passes": [],
          "failures": [],
          "pending": [],
          "skipped": [],
          "duration": 0,
          "root": false,
          "rootEmpty": false,
          "_timeout": null
        }
      ],
      "passes": [],
      "failures": [],
      "pending": [],
      "skipped": [],
      "duration": 0,
      "root": true,
      "rootEmpty": true,
      "_timeout": 0
    }
  ],
  "meta": {
    "mocha": {
      "version": "10.0.0"
    },
    "mochawesome": {
      "options": {
        "quiet": false,
        "reportFilename": "mochawesome",
        "saveHtml": true,
        "saveJson": true,
        "consoleReporter": "spec",
        "useInlineDiffs": false,
        "code": true
      },
      "version": "7.1.3"
    },
    "marge": {
      "options": null,
      "version": "6.2.0"
    }
  }
}